<?xml version="1.0" encoding="UTF-8"?>
<!-- Generated by org.testng.reporters.JUnitXMLReporter -->
<testsuite ignored="0" hostname="LAPTOP-2MRM6MV3" failures="1" tests="2" name="Sanity" time="45.251" errors="0" timestamp="2022-03-11T14:49:04 IST">
  <testcase classname="com.mystore.testcases.IndexPageTest" name="verifyLogo" time="0.165"/>
  <testcase classname="com.mystore.testcases.IndexPageTest" name="verifyTitle" time="0.016">
    <failure type="java.lang.AssertionError" message="expected [My Store1] but found [My Store]">
      <![CDATA[java.lang.AssertionError: expected [My Store1] but found [My Store]
at com.mystore.testcases.IndexPageTest.verifyTitle(IndexPageTest.java:38)
at java.base/java.util.ArrayList.forEach(ArrayList.java:1511)
... Removed 33 stack frames]]>
    </failure>
  </testcase> <!-- verifyTitle -->
</testsuite> <!-- Sanity -->
